       Known level:   0  76   1    14187.74240
           Data file:KKX1S.dun   
 ==============================
 
    1    0  76   0  75   13824.650735
    2    0  76   0  77   13807.784826
    3    0  76   1  75   13734.148610
    4    0  76   1  77   13717.350632
    5    0  76   2  75   13644.316954
    6    0  76   2  77   13627.587710
    7    0  76   3  75   13555.161259
    8    0  76   3  77   13538.501601
    9    0  76   4  75   13466.686885
   10    0  76   4  77   13450.097718
   11    0  76   5  75   13378.899142
   12    0  76   5  77   13362.381416
   13    0  76   6  75   13291.803355
   14    0  76   6  77   13275.358065
   15    0  76   7  75   13205.404936
   16    0  76   7  77   13189.033124
   17    0  76   8  75   13119.709447
   18    0  76   8  77   13103.412197
   19    0  76   9  75   13034.722655
   20    0  76   9  77   13018.501096
   21    0  76  10  75   12950.450576
   22    0  76  10  77   12934.305880
   23    0  76  11  75   12866.899515
   24    0  76  11  77   12850.832898
   25    0  76  12  75   12784.076095
   26    0  76  12  77   12768.088819
   27    0  76  13  75   12701.987276
   28    0  76  13  77   12686.080650
   29    0  76  14  75   12620.640369
   30    0  76  14  77   12604.815749
   31    0  76  15  75   12540.043046
   32    0  76  15  77   12524.301837
   33    0  76  16  75   12460.203340
   34    0  76  16  77   12444.547002
   35    0  76  17  75   12381.129653
   36    0  76  17  77   12365.559699
   37    0  76  18  75   12302.830753
   38    0  76  18  77   12287.348754
   39    0  76  19  75   12225.315782
   40    0  76  19  77   12209.923368
   41    0  76  20  75   12148.594259
   42    0  76  20  77   12133.293126
   43    0  76  21  75   12072.676091
   44    0  76  21  77   12057.468000
   45    0  76  22  75   11997.571589
   46    0  76  22  77   11982.458373
   47    0  76  23  75   11923.291481
   48    0  76  23  77   11908.275045
   49    0  76  24  75   11849.846936
   50    0  76  24  77   11834.929265
   51    0  76  25  75   11777.249589
   52    0  76  25  77   11762.432746
   53    0  76  26  75   11705.511562
   54    0  76  26  77   11690.797699
   55    0  76  27  75   11634.645496
   56    0  76  27  77   11620.036853
   57    0  76  28  75   11564.664575
   58    0  76  28  77   11550.163484
   59    0  76  29  75   11495.582553
   60    0  76  29  77   11481.191447
   61    0  76  30  75   11427.413778
   62    0  76  30  77   11413.135190
   63    0  76  31  75   11360.173217
   64    0  76  31  77   11346.009789
   65    0  76  32  75   11293.876473
   66    0  76  32  77   11279.830960
   67    0  76  33  75   11228.539810
   68    0  76  33  77   11214.615087
   69    0  76  34  75   11164.180171
   70    0  76  34  77   11150.379237
   71    0  76  35  75   11100.815192
   72    0  76  35  77   11087.141180
   73    0  76  36  75   11038.463229
   74    0  76  36  77   11024.919411
   75    0  76  37  75   10977.143374
   76    0  76  37  77   10963.733174
   77    0  76  38  75   10916.875484
   78    0  76  38  77   10903.602483
   79    0  76  39  75   10857.680211
   80    0  76  39  77   10844.548160
   81    0  76  40  75   10799.579033
   82    0  76  40  77   10786.591864
   83    0  76  41  75   10742.594295
   84    0  76  41  77   10729.756135
   85    0  76  42  75   10686.749254
   86    0  76  42  77   10674.064441
   87    0  76  43  75   10632.068128
   88    0  76  43  77   10619.541223
   89    0  76  44  75   10578.576150
   90    0  76  44  77   10566.211956
   91    0  76  45  75   10526.299620
   92    0  76  45  77   10514.103204
   93    0  76  46  75   10475.265967
   94    0  76  46  77   10463.242676
   95    0  76  47  75   10425.503801
   96    0  76  47  77   10413.659287
   97    0  76  48  75   10377.042968
   98    0  76  48  77   10365.383216
   99    0  76  49  75   10329.914599
  100    0  76  49  77   10318.445953
  101    0  76  50  75   10284.151159
  102    0  76  50  77   10272.880353
  103    0  76  51  75   10239.786486
  104    0  76  51  77   10228.720679
  105    0  76  52  75   10196.855825
  106    0  76  52  77   10186.002646
  107    0  76  53  75   10155.395868
  108    0  76  53  77   10144.763454
  109    0  76  54  75   10115.444780
  110    0  76  54  77   10105.041837
  111    0  76  55  75   10077.042237
  112    0  76  55  77   10066.878095
  113    0  76  56  75   10040.229461
  114    0  76  56  77   10030.314152
  115    0  76  57  75   10005.049268
  116    0  76  57  77    9995.393605
  117    0  76  58  75    9971.546110
  118    0  76  58  77    9962.161791
  119    0  76  59  75    9939.766136
  120    0  76  59  77    9930.665862
  121    0  76  60  75    9909.757243
  122    0  76  60  77    9900.954857
  123    0  76  61  75    9881.569117
  124    0  76  61  77    9873.079772
  125    0  76  62  75    9855.253247
  126    0  76  62  77    9847.093604
  127    0  76  63  75    9830.862882
  128    0  76  63  77    9823.051343
  129    0  76  64  75    9808.452897
  130    0  76  64  77    9801.009883
  131    0  76  65  75    9788.079528
  132    0  76  65  77    9781.027799
