,v_pprime,j_pprime,position,gaus,condition_number,delta expt-gaus,pr
0,0,115,12348.458523,12348.454638025532,2532753.803504951,,r
1,0,117,12323.351728,,,,p
2,1,115,12259.688584,12259.686360094995,216420.59434023933,,r
3,1,117,12234.689885,12234.686160683475,86803.58295726153,,p
4,2,115,12171.610746,12171.608859413047,24635.530615163436,,r
5,2,117,12146.721566,12146.720893400392,13475.052083745233,0.0006725996081513586,p
6,3,115,12084.231559,12084.229196949569,44778.09912086809,,r
7,3,117,12059.453376,12059.45200897663,25446.684283031926,,p
8,4,115,11997.557441,11997.56648704952,21867960.01512389,,r
9,4,117,11972.891783,,,,p
10,5,115,11911.594753,11911.596715022308,40435.70924367125,,r
11,5,117,11887.043207,11887.04349028824,186169.50544610346,-0.0002832882400980452,p
12,6,115,11826.349879,11826.351552341075,120607.96636832594,,r
13,6,117,11801.914092,11801.917066721377,60789.6993377986,,p
14,7,115,11741.829299,11741.835171964773,1294513.2962927478,,r
15,7,117,11717.510983,,,,p
16,8,115,11658.039662,11658.040709297547,23366.498954,,r
17,8,117,11633.840591,11633.842787197758,21687.070518136014,,p
18,9,115,11574.987837,11574.972795916172,14293722.960199634,,r
19,9,117,11550.909858,,,,p
20,10,115,11492.680977,11492.682858184611,53223.65776544982,,r
21,10,117,11468.726008,11468.726281853818,54813.69452073182,-0.00027385381872591097,p
22,11,115,11411.126554,11411.127854116656,98424.1006403076,,r
23,11,117,11387.29659,11387.297800277223,71161.70521209372,,p
24,12,115,11330.332401,11330.332118259586,280707.445287784,0.0002827404132403899,r
25,12,117,11306.629516,11306.626134956463,951565.7399395404,,p
26,13,115,11250.306734,11250.306129743669,14896.801766799306,0.0006042563309165416,r
27,13,117,11226.733087,11226.733387447714,11434.257853483643,-0.0003004477130161831,p
28,14,115,11171.058174,,,,r
29,14,117,11147.61601,,,,p
30,15,115,11092.595761,11092.59493014959,8673.200491833895,0.0008308504111482762,r
31,15,117,11069.287416,11069.288109473213,9463.8842992712,-0.000693473213686957,p
32,16,115,11014.928961,11014.910623251686,12846735.028922202,,r
33,16,117,10991.756871,10991.756356383685,402100.35483548103,0.0005146163148310734,p
34,17,115,10938.06768,10938.06753269281,9392.62830723392,0.00014730718976352364,r
35,17,117,10915.03438,10915.033687498915,11337.94115381782,0.0006925010839040624,p
36,18,115,10862.022264,10862.024666090136,45154.06844060261,,r
37,18,117,10839.130396,10839.130396393393,47284.36276121651,-3.933928383048624e-07,p
38,19,115,10786.803513,10786.804587149014,10596.749367301785,,r
39,19,117,10764.055829,10764.056484026447,15291.160094281053,-0.000655026446111151,p
40,20,115,10712.422688,10712.421743804156,9419.679666120068,0.0009441958445677301,r
41,20,117,10689.82206,10689.823291060773,11109.612978452069,,p
42,21,115,10638.891529,10638.895015317523,25309.221898437772,,r
43,21,117,10616.44095,10616.43882930356,173160.26023118675,,p
44,22,115,10566.222268,10566.223294722928,2971.1896206285846,-0.0010267229281453183,r
45,22,117,10543.92486,10543.925748213305,2204.7641407530964,-0.0008882133060978958,p
46,23,115,10494.427655,10494.431488225167,75182.949124209,,r
47,23,117,10472.286677,,,,p
48,24,115,10423.520979,10423.521318957979,5450.31369287621,-0.00033995797821262386,r
49,24,117,10401.539834,10401.540415423084,1657.7302879168465,-0.0005814230844407575,p
50,25,115,10353.516103,,,,r
51,25,117,10331.698343,,,,p
52,26,115,10284.427491,10284.427701870172,1408.55422553682,-0.00021087017194076907,r
53,26,117,10262.776829,10262.7771585006,1368.5110574081968,-0.0003295005990366917,p
54,27,115,10216.270244,,,,r
55,27,117,10194.79056,,,,p
56,28,115,10149.060134,10149.059693361776,1240.2013374764636,0.0004406382231536554,r
57,28,117,10127.755487,10127.754893084464,1291.2463604525353,0.000593915536228451,p
58,29,115,10082.813643,,,,r
59,29,117,10061.688279,,,,p
60,30,115,10017.547994,10017.54641971256,1117.1609092979518,,r
61,30,117,9996.606363,9996.605175909574,1243.1554974495527,,p
62,31,115,9953.281196,,,,r
63,31,117,9932.52796,,,,p
64,32,115,9890.032076,9890.031046299719,993.2938387064688,0.001029700280923862,r
65,32,117,9869.472126,9869.471168161885,1137.7610482203381,0.0009578381159371929,p
66,33,115,9827.820318,,,,r
67,33,117,9807.458793,9807.457451417024,10769.239808730848,,p
68,34,115,9766.666507,9766.665484585781,959.556179747901,0.0010224142188235419,r
69,34,117,9746.508809,9746.508164172084,999.0596517422248,0.0006448279164033011,p
70,35,115,9706.592171,,,,r
71,35,117,9686.643988,,,,p
72,36,115,9647.619827,9647.637907890325,193523.3207407142,,r
73,36,117,9627.887153,9627.887424361264,6796.463834025332,-0.0002713612648221897,p
74,37,115,9589.773035,9589.771681707902,2835.74295410179,,r
75,37,117,9570.262197,9570.26251391994,831.2543202246088,-0.00031691994081484154,p
76,38,115,9533.076455,9533.076496854848,1587.7202655113258,-4.1854847950162366e-05,r
77,38,117,9513.794143,9513.794617679536,1623.7616914982784,-0.00047467953663726803,p
78,39,115,9477.555914,9477.556276131843,850.8204695615227,-0.000362131842848612,r
79,39,117,9458.509211,9458.510637430463,397.2923184310007,,p
80,40,115,9423.238482,,,,r
81,40,117,9404.434896,9404.435486566648,1598.775569831713,-0.0005905666475882754,p
82,41,115,9370.152551,9370.15207030454,1050.3263672777525,0.0004806954584637424,r
83,41,117,9351.600057,9351.601342327658,1097.390187815351,,p
84,42,115,9318.327931,,,,r
85,42,117,9300.03501,,,,p
86,43,115,9267.795951,9267.79779514079,45570.34523606135,,r
87,43,117,9249.771641,,,,p
88,44,115,9218.589573,,,,r
89,44,117,9200.843519,,,,p
90,45,115,9170.743513,,,,r
91,45,117,9153.286026,9153.289027513638,1084553.792759685,,p
92,46,115,9124.294381,,,,r
93,46,117,9107.136506,,,,p
94,47,115,9079.280824,9079.246713835528,46604100.34735252,,r
95,47,117,9062.434412,,,,p
96,48,115,9035.743693,9035.787303565403,28885262.388272796,,r
97,48,117,9019.221492,,,,p
98,49,115,8993.726225,,,,r
99,49,117,8977.541976,,,,p
100,50,115,8953.274249,,,,r
101,50,117,8937.442804,,,,p
102,51,115,8914.436426,,,,r
103,51,117,8898.973886,,,,p
104,52,115,8877.26453,,,,r
105,52,117,8862.188407,,,,p
106,53,115,8841.813782,,,,r
107,53,117,8827.143193,,,,p
108,54,115,8808.143255,,,,r
109,54,117,8793.899156,,,,p
110,55,115,8776.31636,,,,r
111,55,117,8762.521828,,,,p
112,56,115,8746.401452,,,,r
113,56,117,8733.082027,,,,p
114,57,115,8718.472548,,,,r
115,57,117,8705.656645,,,,p
116,58,115,8692.610216,,,,r
117,58,117,8680.329626,,,,p
118,59,115,8668.902628,,,,r
119,59,117,8657.19313,,,,p
120,60,115,8647.446827,,,,r
121,60,117,8636.348918,,,,p
122,61,115,8628.350208,,,,r
123,61,117,8617.909996,,,,p
124,62,115,8611.732248,,,,r
125,62,117,8602.002521,,,,p
126,63,115,8597.72649,,,,r
127,63,117,8588.768004,,,,p
128,64,115,8586.482793,,,,r
129,64,117,8578.365812,,,,p
130,65,115,8578.169837,,,,r
131,65,117,8570.975975,,,,p
132,66,115,8572.977894,,,,r
133,66,117,8566.802298,,,,p
134,67,115,8571.121823,,,,r
135,67,117,8566.075772,,,,p
136,68,115,8572.844295,,,,r
137,68,117,8569.058251,,,,p
138,69,115,8578.419199,,,,r
139,69,117,8576.046412,,,,p
140,70,115,8588.155227,,,,r
141,70,117,8587.375947,,,,p
142,71,115,8602.399634,,,,r
143,71,117,8603.426029,,,,p
144,72,115,8621.542197,,,,r
145,72,117,8624.624072,,,,p
146,73,115,8646.019466,,,,r
147,73,117,8651.450885,,,,p
148,74,115,8676.319461,,,,r
149,74,117,8684.446395,,,,p
150,75,115,8712.987127,,,,r
151,75,117,8724.216241,,,,p
152,76,115,8756.630995,,,,r
153,76,117,8771.439719,,,,p
154,77,115,8807.93176,,,,r
155,77,117,8826.879788,,,,p
156,78,115,8867.653813,,,,r
157,78,117,8891.396185,,,,p
158,79,115,8936.661185,,,,r
159,79,117,8965.963118,,,,p
160,80,115,9015.939909,,,,r
161,80,117,9051.693554,,,,p
